<?xml version="1.0" encoding="UTF-8"?>
<coverage generated="1562664784279" clover="3.2.0">
  <project timestamp="1562664784279" name="All files">
    <metrics statements="61" coveredstatements="46" conditionals="18" coveredconditionals="8" methods="36" coveredmethods="26" elements="115" coveredelements="80" complexity="0" loc="61" ncloc="61" packages="7" files="7" classes="7">
      <package name="src">
        <metrics statements="0" coveredstatements="0" conditionals="0" coveredconditionals="0" methods="0" coveredmethods="0"/>
        <file name="index.js" path="/Users/mac/Documents/Projects/form2/src/index.js">
          <metrics statements="0" coveredstatements="0" conditionals="0" coveredconditionals="0" methods="0" coveredmethods="0"/>
        </file>
      </package>
      <package name="src.Button">
        <metrics statements="6" coveredstatements="6" conditionals="2" coveredconditionals="2" methods="3" coveredmethods="3"/>
        <file name="index.js" path="/Users/mac/Documents/Projects/form2/src/Button/index.js">
          <metrics statements="6" coveredstatements="6" conditionals="2" coveredconditionals="2" methods="3" coveredmethods="3"/>
          <line num="5" count="5" type="stmt"/>
          <line num="9" count="6" type="stmt"/>
          <line num="10" count="6" type="stmt"/>
          <line num="11" count="6" type="stmt"/>
          <line num="12" count="6" type="stmt"/>
          <line num="16" count="6" type="cond" truecount="2" falsecount="0"/>
        </file>
      </package>
      <package name="src.DatePicker">
        <metrics statements="12" coveredstatements="9" conditionals="2" coveredconditionals="0" methods="6" coveredmethods="4"/>
        <file name="index.js" path="/Users/mac/Documents/Projects/form2/src/DatePicker/index.js">
          <metrics statements="12" coveredstatements="9" conditionals="2" coveredconditionals="0" methods="6" coveredmethods="4"/>
          <line num="5" count="4" type="stmt"/>
          <line num="6" count="4" type="stmt"/>
          <line num="12" count="0" type="stmt"/>
          <line num="13" count="0" type="stmt"/>
          <line num="14" count="0" type="cond" truecount="0" falsecount="2"/>
          <line num="19" count="8" type="stmt"/>
          <line num="20" count="8" type="stmt"/>
          <line num="21" count="8" type="stmt"/>
          <line num="22" count="8" type="stmt"/>
          <line num="23" count="8" type="stmt"/>
          <line num="27" count="4" type="stmt"/>
          <line num="31" count="8" type="stmt"/>
        </file>
      </package>
      <package name="src.DateTimePicker">
        <metrics statements="13" coveredstatements="9" conditionals="6" coveredconditionals="2" methods="7" coveredmethods="4"/>
        <file name="index.js" path="/Users/mac/Documents/Projects/form2/src/DateTimePicker/index.js">
          <metrics statements="13" coveredstatements="9" conditionals="6" coveredconditionals="2" methods="7" coveredmethods="4"/>
          <line num="5" count="3" type="stmt"/>
          <line num="6" count="3" type="stmt"/>
          <line num="12" count="0" type="stmt"/>
          <line num="13" count="0" type="stmt"/>
          <line num="14" count="0" type="cond" truecount="0" falsecount="2"/>
          <line num="19" count="6" type="stmt"/>
          <line num="20" count="6" type="stmt"/>
          <line num="21" count="6" type="stmt"/>
          <line num="22" count="6" type="stmt"/>
          <line num="23" count="6" type="stmt"/>
          <line num="27" count="0" type="stmt"/>
          <line num="32" count="3" type="cond" truecount="1" falsecount="1"/>
          <line num="36" count="6" type="stmt"/>
        </file>
      </package>
      <package name="src.Form">
        <metrics statements="8" coveredstatements="6" conditionals="0" coveredconditionals="0" methods="8" coveredmethods="7"/>
        <file name="index.js" path="/Users/mac/Documents/Projects/form2/src/Form/index.js">
          <metrics statements="8" coveredstatements="6" conditionals="0" coveredconditionals="0" methods="8" coveredmethods="7"/>
          <line num="5" count="14" type="stmt"/>
          <line num="6" count="14" type="stmt"/>
          <line num="12" count="16" type="stmt"/>
          <line num="17" count="0" type="stmt"/>
          <line num="18" count="0" type="stmt"/>
          <line num="22" count="28" type="stmt"/>
          <line num="23" count="34" type="stmt"/>
          <line num="30" count="28" type="stmt"/>
        </file>
      </package>
      <package name="src.PasswordField">
        <metrics statements="11" coveredstatements="8" conditionals="4" coveredconditionals="2" methods="6" coveredmethods="4"/>
        <file name="index.js" path="/Users/mac/Documents/Projects/form2/src/PasswordField/index.js">
          <metrics statements="11" coveredstatements="8" conditionals="4" coveredconditionals="2" methods="6" coveredmethods="4"/>
          <line num="5" count="4" type="stmt"/>
          <line num="6" count="4" type="stmt"/>
          <line num="12" count="0" type="stmt"/>
          <line num="13" count="0" type="stmt"/>
          <line num="14" count="0" type="cond" truecount="0" falsecount="2"/>
          <line num="19" count="8" type="stmt"/>
          <line num="20" count="8" type="stmt"/>
          <line num="21" count="8" type="stmt"/>
          <line num="22" count="8" type="stmt"/>
          <line num="26" count="4" type="stmt"/>
          <line num="30" count="8" type="stmt"/>
        </file>
      </package>
      <package name="src.TextField">
        <metrics statements="11" coveredstatements="8" conditionals="4" coveredconditionals="2" methods="6" coveredmethods="4"/>
        <file name="index.js" path="/Users/mac/Documents/Projects/form2/src/TextField/index.js">
          <metrics statements="11" coveredstatements="8" conditionals="4" coveredconditionals="2" methods="6" coveredmethods="4"/>
          <line num="5" count="5" type="stmt"/>
          <line num="6" count="5" type="stmt"/>
          <line num="12" count="0" type="stmt"/>
          <line num="13" count="0" type="stmt"/>
          <line num="14" count="0" type="cond" truecount="0" falsecount="2"/>
          <line num="19" count="10" type="stmt"/>
          <line num="20" count="10" type="stmt"/>
          <line num="21" count="10" type="stmt"/>
          <line num="22" count="10" type="stmt"/>
          <line num="26" count="5" type="stmt"/>
          <line num="30" count="10" type="stmt"/>
        </file>
      </package>
    </metrics>
  </project>
</coverage>
