{"/Users/mac/Documents/Projects/form2/src/index.js": {"path":"/Users/mac/Documents/Projects/form2/src/index.js","statementMap":{},"fnMap":{},"branchMap":{},"s":{},"f":{},"b":{},"_coverageSchema":"332fd63041d2c1bcb487cc26dd0d5f7d97098a6c","hash":"cece510791ca6d39c2fd3f54adcc30751c80e4b2"}
,"/Users/mac/Documents/Projects/form2/src/Button/index.js": {"path":"/Users/mac/Documents/Projects/form2/src/Button/index.js","statementMap":{"0":{"start":{"line":5,"column":4},"end":{"line":5,"column":17}},"1":{"start":{"line":9,"column":19},"end":{"line":9,"column":29}},"2":{"start":{"line":10,"column":4},"end":{"line":10,"column":29}},"3":{"start":{"line":11,"column":4},"end":{"line":11,"column":30}},"4":{"start":{"line":12,"column":4},"end":{"line":12,"column":20}},"5":{"start":{"line":16,"column":4},"end":{"line":16,"column":108}}},"fnMap":{"0":{"name":"(anonymous_0)","decl":{"start":{"line":4,"column":2},"end":{"line":4,"column":3}},"loc":{"start":{"line":4,"column":21},"end":{"line":6,"column":3}},"line":4},"1":{"name":"(anonymous_1)","decl":{"start":{"line":8,"column":18},"end":{"line":8,"column":19}},"loc":{"start":{"line":8,"column":29},"end":{"line":13,"column":3}},"line":8},"2":{"name":"(anonymous_2)","decl":{"start":{"line":15,"column":2},"end":{"line":15,"column":3}},"loc":{"start":{"line":15,"column":11},"end":{"line":17,"column":3}},"line":15}},"branchMap":{"0":{"loc":{"start":{"line":16,"column":57},"end":{"line":16,"column":96}},"type":"binary-expr","locations":[{"start":{"line":16,"column":57},"end":{"line":16,"column":76}},{"start":{"line":16,"column":80},"end":{"line":16,"column":96}}],"line":16}},"s":{"0":5,"1":6,"2":6,"3":6,"4":6,"5":6},"f":{"0":5,"1":6,"2":6},"b":{"0":[6,5]},"_coverageSchema":"332fd63041d2c1bcb487cc26dd0d5f7d97098a6c","hash":"38f846a5d100c4b89d302f49b17679bea33665c8"}
,"/Users/mac/Documents/Projects/form2/src/DatePicker/index.js": {"path":"/Users/mac/Documents/Projects/form2/src/DatePicker/index.js","statementMap":{"0":{"start":{"line":5,"column":4},"end":{"line":5,"column":17}},"1":{"start":{"line":6,"column":4},"end":{"line":8,"column":6}},"2":{"start":{"line":12,"column":4},"end":{"line":15,"column":7}},"3":{"start":{"line":13,"column":6},"end":{"line":13,"column":62}},"4":{"start":{"line":14,"column":6},"end":{"line":14,"column":52}},"5":{"start":{"line":14,"column":30},"end":{"line":14,"column":52}},"6":{"start":{"line":19,"column":19},"end":{"line":19,"column":29}},"7":{"start":{"line":20,"column":4},"end":{"line":20,"column":29}},"8":{"start":{"line":21,"column":4},"end":{"line":21,"column":30}},"9":{"start":{"line":22,"column":4},"end":{"line":22,"column":26}},"10":{"start":{"line":23,"column":4},"end":{"line":23,"column":20}},"11":{"start":{"line":27,"column":6},"end":{"line":27,"column":62}},"12":{"start":{"line":31,"column":4},"end":{"line":31,"column":119}}},"fnMap":{"0":{"name":"(anonymous_0)","decl":{"start":{"line":4,"column":2},"end":{"line":4,"column":3}},"loc":{"start":{"line":4,"column":21},"end":{"line":9,"column":3}},"line":4},"1":{"name":"(anonymous_1)","decl":{"start":{"line":11,"column":13},"end":{"line":11,"column":14}},"loc":{"start":{"line":11,"column":29},"end":{"line":16,"column":3}},"line":11},"2":{"name":"(anonymous_2)","decl":{"start":{"line":12,"column":43},"end":{"line":12,"column":44}},"loc":{"start":{"line":12,"column":49},"end":{"line":15,"column":5}},"line":12},"3":{"name":"(anonymous_3)","decl":{"start":{"line":18,"column":18},"end":{"line":18,"column":19}},"loc":{"start":{"line":18,"column":29},"end":{"line":24,"column":3}},"line":18},"4":{"name":"(anonymous_4)","decl":{"start":{"line":26,"column":2},"end":{"line":26,"column":3}},"loc":{"start":{"line":26,"column":22},"end":{"line":28,"column":3}},"line":26},"5":{"name":"(anonymous_5)","decl":{"start":{"line":30,"column":2},"end":{"line":30,"column":3}},"loc":{"start":{"line":30,"column":11},"end":{"line":32,"column":3}},"line":30}},"branchMap":{"0":{"loc":{"start":{"line":14,"column":6},"end":{"line":14,"column":52}},"type":"if","locations":[{"start":{"line":14,"column":6},"end":{"line":14,"column":52}},{"start":{"line":14,"column":6},"end":{"line":14,"column":52}}],"line":14}},"s":{"0":4,"1":4,"2":0,"3":0,"4":0,"5":0,"6":8,"7":8,"8":8,"9":8,"10":8,"11":4,"12":8},"f":{"0":4,"1":0,"2":0,"3":8,"4":4,"5":8},"b":{"0":[0,0]},"_coverageSchema":"332fd63041d2c1bcb487cc26dd0d5f7d97098a6c","hash":"e9b5427221ba4e255890ddc165bba2ac10b3ae55"}
,"/Users/mac/Documents/Projects/form2/src/DateTimePicker/index.js": {"path":"/Users/mac/Documents/Projects/form2/src/DateTimePicker/index.js","statementMap":{"0":{"start":{"line":5,"column":4},"end":{"line":5,"column":17}},"1":{"start":{"line":6,"column":4},"end":{"line":8,"column":6}},"2":{"start":{"line":12,"column":4},"end":{"line":15,"column":7}},"3":{"start":{"line":13,"column":6},"end":{"line":13,"column":62}},"4":{"start":{"line":14,"column":6},"end":{"line":14,"column":52}},"5":{"start":{"line":14,"column":30},"end":{"line":14,"column":52}},"6":{"start":{"line":19,"column":19},"end":{"line":19,"column":29}},"7":{"start":{"line":20,"column":4},"end":{"line":20,"column":29}},"8":{"start":{"line":21,"column":4},"end":{"line":21,"column":30}},"9":{"start":{"line":22,"column":4},"end":{"line":22,"column":26}},"10":{"start":{"line":23,"column":4},"end":{"line":23,"column":20}},"11":{"start":{"line":27,"column":6},"end":{"line":27,"column":44}},"12":{"start":{"line":32,"column":6},"end":{"line":32,"column":97}},"13":{"start":{"line":36,"column":4},"end":{"line":36,"column":129}}},"fnMap":{"0":{"name":"(anonymous_0)","decl":{"start":{"line":4,"column":2},"end":{"line":4,"column":3}},"loc":{"start":{"line":4,"column":21},"end":{"line":9,"column":3}},"line":4},"1":{"name":"(anonymous_1)","decl":{"start":{"line":11,"column":13},"end":{"line":11,"column":14}},"loc":{"start":{"line":11,"column":29},"end":{"line":16,"column":3}},"line":11},"2":{"name":"(anonymous_2)","decl":{"start":{"line":12,"column":43},"end":{"line":12,"column":44}},"loc":{"start":{"line":12,"column":49},"end":{"line":15,"column":5}},"line":12},"3":{"name":"(anonymous_3)","decl":{"start":{"line":18,"column":18},"end":{"line":18,"column":19}},"loc":{"start":{"line":18,"column":29},"end":{"line":24,"column":3}},"line":18},"4":{"name":"(anonymous_4)","decl":{"start":{"line":26,"column":19},"end":{"line":26,"column":20}},"loc":{"start":{"line":26,"column":29},"end":{"line":28,"column":3}},"line":26},"5":{"name":"(anonymous_5)","decl":{"start":{"line":31,"column":2},"end":{"line":31,"column":3}},"loc":{"start":{"line":31,"column":22},"end":{"line":33,"column":3}},"line":31},"6":{"name":"(anonymous_6)","decl":{"start":{"line":35,"column":4},"end":{"line":35,"column":5}},"loc":{"start":{"line":35,"column":13},"end":{"line":37,"column":3}},"line":35}},"branchMap":{"0":{"loc":{"start":{"line":7,"column":13},"end":{"line":7,"column":64}},"type":"binary-expr","locations":[{"start":{"line":7,"column":13},"end":{"line":7,"column":29}},{"start":{"line":7,"column":33},"end":{"line":7,"column":64}}],"line":7},"1":{"loc":{"start":{"line":14,"column":6},"end":{"line":14,"column":52}},"type":"if","locations":[{"start":{"line":14,"column":6},"end":{"line":14,"column":52}},{"start":{"line":14,"column":6},"end":{"line":14,"column":52}}],"line":14},"2":{"loc":{"start":{"line":32,"column":44},"end":{"line":32,"column":95}},"type":"binary-expr","locations":[{"start":{"line":32,"column":44},"end":{"line":32,"column":60}},{"start":{"line":32,"column":64},"end":{"line":32,"column":95}}],"line":32}},"s":{"0":3,"1":3,"2":0,"3":0,"4":0,"5":0,"6":6,"7":6,"8":6,"9":6,"10":6,"11":0,"12":3,"13":6},"f":{"0":3,"1":0,"2":0,"3":6,"4":0,"5":3,"6":6},"b":{"0":[3,0],"1":[0,0],"2":[3,0]},"_coverageSchema":"332fd63041d2c1bcb487cc26dd0d5f7d97098a6c","hash":"70b54c1400800d5a9bd6102108e05f987f662d91"}
,"/Users/mac/Documents/Projects/form2/src/Form/index.js": {"path":"/Users/mac/Documents/Projects/form2/src/Form/index.js","statementMap":{"0":{"start":{"line":5,"column":4},"end":{"line":5,"column":17}},"1":{"start":{"line":6,"column":4},"end":{"line":8,"column":5}},"2":{"start":{"line":12,"column":4},"end":{"line":13,"column":6}},"3":{"start":{"line":12,"column":34},"end":{"line":12,"column":82}},"4":{"start":{"line":17,"column":4},"end":{"line":17,"column":44}},"5":{"start":{"line":18,"column":4},"end":{"line":18,"column":31}},"6":{"start":{"line":22,"column":28},"end":{"line":22,"column":32}},"7":{"start":{"line":23,"column":4},"end":{"line":26,"column":8}},"8":{"start":{"line":23,"column":75},"end":{"line":26,"column":6}},"9":{"start":{"line":30,"column":4},"end":{"line":32,"column":11}}},"fnMap":{"0":{"name":"(anonymous_0)","decl":{"start":{"line":4,"column":2},"end":{"line":4,"column":3}},"loc":{"start":{"line":4,"column":21},"end":{"line":9,"column":3}},"line":4},"1":{"name":"(anonymous_1)","decl":{"start":{"line":11,"column":18},"end":{"line":11,"column":19}},"loc":{"start":{"line":11,"column":35},"end":{"line":14,"column":3}},"line":11},"2":{"name":"(anonymous_2)","decl":{"start":{"line":12,"column":18},"end":{"line":12,"column":19}},"loc":{"start":{"line":12,"column":34},"end":{"line":12,"column":82}},"line":12},"3":{"name":"(anonymous_3)","decl":{"start":{"line":12,"column":85},"end":{"line":12,"column":86}},"loc":{"start":{"line":12,"column":91},"end":{"line":13,"column":5}},"line":12},"4":{"name":"(anonymous_4)","decl":{"start":{"line":16,"column":13},"end":{"line":16,"column":14}},"loc":{"start":{"line":16,"column":24},"end":{"line":19,"column":3}},"line":16},"5":{"name":"(anonymous_5)","decl":{"start":{"line":21,"column":19},"end":{"line":21,"column":20}},"loc":{"start":{"line":21,"column":25},"end":{"line":27,"column":3}},"line":21},"6":{"name":"(anonymous_6)","decl":{"start":{"line":23,"column":59},"end":{"line":23,"column":60}},"loc":{"start":{"line":23,"column":75},"end":{"line":26,"column":6}},"line":23},"7":{"name":"(anonymous_7)","decl":{"start":{"line":29,"column":2},"end":{"line":29,"column":3}},"loc":{"start":{"line":29,"column":11},"end":{"line":33,"column":3}},"line":29}},"branchMap":{},"s":{"0":14,"1":14,"2":16,"3":16,"4":0,"5":0,"6":28,"7":28,"8":34,"9":28},"f":{"0":14,"1":16,"2":16,"3":16,"4":0,"5":28,"6":34,"7":28},"b":{},"_coverageSchema":"332fd63041d2c1bcb487cc26dd0d5f7d97098a6c","hash":"349c7de406de55b3ab2295f1ac5b1bf8345306c4"}
,"/Users/mac/Documents/Projects/form2/src/PasswordField/index.js": {"path":"/Users/mac/Documents/Projects/form2/src/PasswordField/index.js","statementMap":{"0":{"start":{"line":5,"column":4},"end":{"line":5,"column":17}},"1":{"start":{"line":6,"column":4},"end":{"line":8,"column":6}},"2":{"start":{"line":12,"column":4},"end":{"line":15,"column":7}},"3":{"start":{"line":13,"column":6},"end":{"line":13,"column":62}},"4":{"start":{"line":14,"column":6},"end":{"line":14,"column":52}},"5":{"start":{"line":14,"column":30},"end":{"line":14,"column":52}},"6":{"start":{"line":19,"column":19},"end":{"line":19,"column":29}},"7":{"start":{"line":20,"column":4},"end":{"line":20,"column":29}},"8":{"start":{"line":21,"column":4},"end":{"line":21,"column":30}},"9":{"start":{"line":22,"column":4},"end":{"line":22,"column":20}},"10":{"start":{"line":26,"column":6},"end":{"line":26,"column":62}},"11":{"start":{"line":30,"column":4},"end":{"line":30,"column":123}}},"fnMap":{"0":{"name":"(anonymous_0)","decl":{"start":{"line":4,"column":2},"end":{"line":4,"column":3}},"loc":{"start":{"line":4,"column":21},"end":{"line":9,"column":3}},"line":4},"1":{"name":"(anonymous_1)","decl":{"start":{"line":11,"column":13},"end":{"line":11,"column":14}},"loc":{"start":{"line":11,"column":29},"end":{"line":16,"column":3}},"line":11},"2":{"name":"(anonymous_2)","decl":{"start":{"line":12,"column":43},"end":{"line":12,"column":44}},"loc":{"start":{"line":12,"column":49},"end":{"line":15,"column":5}},"line":12},"3":{"name":"(anonymous_3)","decl":{"start":{"line":18,"column":18},"end":{"line":18,"column":19}},"loc":{"start":{"line":18,"column":29},"end":{"line":23,"column":3}},"line":18},"4":{"name":"(anonymous_4)","decl":{"start":{"line":25,"column":2},"end":{"line":25,"column":3}},"loc":{"start":{"line":25,"column":22},"end":{"line":27,"column":3}},"line":25},"5":{"name":"(anonymous_5)","decl":{"start":{"line":29,"column":2},"end":{"line":29,"column":3}},"loc":{"start":{"line":29,"column":11},"end":{"line":31,"column":3}},"line":29}},"branchMap":{"0":{"loc":{"start":{"line":7,"column":13},"end":{"line":7,"column":35}},"type":"binary-expr","locations":[{"start":{"line":7,"column":13},"end":{"line":7,"column":29}},{"start":{"line":7,"column":33},"end":{"line":7,"column":35}}],"line":7},"1":{"loc":{"start":{"line":14,"column":6},"end":{"line":14,"column":52}},"type":"if","locations":[{"start":{"line":14,"column":6},"end":{"line":14,"column":52}},{"start":{"line":14,"column":6},"end":{"line":14,"column":52}}],"line":14}},"s":{"0":4,"1":4,"2":0,"3":0,"4":0,"5":0,"6":8,"7":8,"8":8,"9":8,"10":4,"11":8},"f":{"0":4,"1":0,"2":0,"3":8,"4":4,"5":8},"b":{"0":[4,4],"1":[0,0]},"_coverageSchema":"332fd63041d2c1bcb487cc26dd0d5f7d97098a6c","hash":"84ab3752feedd450fbdf520c22efb07f2093e5e0"}
,"/Users/mac/Documents/Projects/form2/src/TextField/index.js": {"path":"/Users/mac/Documents/Projects/form2/src/TextField/index.js","statementMap":{"0":{"start":{"line":5,"column":4},"end":{"line":5,"column":17}},"1":{"start":{"line":6,"column":4},"end":{"line":8,"column":6}},"2":{"start":{"line":12,"column":4},"end":{"line":15,"column":7}},"3":{"start":{"line":13,"column":6},"end":{"line":13,"column":62}},"4":{"start":{"line":14,"column":6},"end":{"line":14,"column":52}},"5":{"start":{"line":14,"column":30},"end":{"line":14,"column":52}},"6":{"start":{"line":19,"column":19},"end":{"line":19,"column":29}},"7":{"start":{"line":20,"column":4},"end":{"line":20,"column":29}},"8":{"start":{"line":21,"column":4},"end":{"line":21,"column":30}},"9":{"start":{"line":22,"column":4},"end":{"line":22,"column":20}},"10":{"start":{"line":26,"column":6},"end":{"line":26,"column":62}},"11":{"start":{"line":30,"column":4},"end":{"line":30,"column":107}}},"fnMap":{"0":{"name":"(anonymous_0)","decl":{"start":{"line":4,"column":2},"end":{"line":4,"column":3}},"loc":{"start":{"line":4,"column":21},"end":{"line":9,"column":3}},"line":4},"1":{"name":"(anonymous_1)","decl":{"start":{"line":11,"column":13},"end":{"line":11,"column":14}},"loc":{"start":{"line":11,"column":29},"end":{"line":16,"column":3}},"line":11},"2":{"name":"(anonymous_2)","decl":{"start":{"line":12,"column":43},"end":{"line":12,"column":44}},"loc":{"start":{"line":12,"column":49},"end":{"line":15,"column":5}},"line":12},"3":{"name":"(anonymous_3)","decl":{"start":{"line":18,"column":18},"end":{"line":18,"column":19}},"loc":{"start":{"line":18,"column":29},"end":{"line":23,"column":3}},"line":18},"4":{"name":"(anonymous_4)","decl":{"start":{"line":25,"column":2},"end":{"line":25,"column":3}},"loc":{"start":{"line":25,"column":22},"end":{"line":27,"column":3}},"line":25},"5":{"name":"(anonymous_5)","decl":{"start":{"line":29,"column":4},"end":{"line":29,"column":5}},"loc":{"start":{"line":29,"column":13},"end":{"line":31,"column":3}},"line":29}},"branchMap":{"0":{"loc":{"start":{"line":7,"column":13},"end":{"line":7,"column":35}},"type":"binary-expr","locations":[{"start":{"line":7,"column":13},"end":{"line":7,"column":29}},{"start":{"line":7,"column":33},"end":{"line":7,"column":35}}],"line":7},"1":{"loc":{"start":{"line":14,"column":6},"end":{"line":14,"column":52}},"type":"if","locations":[{"start":{"line":14,"column":6},"end":{"line":14,"column":52}},{"start":{"line":14,"column":6},"end":{"line":14,"column":52}}],"line":14}},"s":{"0":5,"1":5,"2":0,"3":0,"4":0,"5":0,"6":10,"7":10,"8":10,"9":10,"10":5,"11":10},"f":{"0":5,"1":0,"2":0,"3":10,"4":5,"5":10},"b":{"0":[5,5],"1":[0,0]},"_coverageSchema":"332fd63041d2c1bcb487cc26dd0d5f7d97098a6c","hash":"2190eee23ba0aeb366b87e7cdbd6b2decc42eb53"}
}
