TN:
SF:/Users/mac/Documents/Projects/form2/src/index.js
FNF:0
FNH:0
LF:0
LH:0
BRF:0
BRH:0
end_of_record
TN:
SF:/Users/mac/Documents/Projects/form2/src/Button/index.js
FN:4,(anonymous_0)
FN:8,(anonymous_1)
FN:15,(anonymous_2)
FNF:3
FNH:3
FNDA:5,(anonymous_0)
FNDA:6,(anonymous_1)
FNDA:6,(anonymous_2)
DA:5,5
DA:9,6
DA:10,6
DA:11,6
DA:12,6
DA:16,6
LF:6
LH:6
BRDA:16,0,0,6
BRDA:16,0,1,5
BRF:2
BRH:2
end_of_record
TN:
SF:/Users/mac/Documents/Projects/form2/src/DatePicker/index.js
FN:4,(anonymous_0)
FN:11,(anonymous_1)
FN:12,(anonymous_2)
FN:18,(anonymous_3)
FN:26,(anonymous_4)
FN:30,(anonymous_5)
FNF:6
FNH:4
FNDA:4,(anonymous_0)
FNDA:0,(anonymous_1)
FNDA:0,(anonymous_2)
FNDA:8,(anonymous_3)
FNDA:4,(anonymous_4)
FNDA:8,(anonymous_5)
DA:5,4
DA:6,4
DA:12,0
DA:13,0
DA:14,0
DA:19,8
DA:20,8
DA:21,8
DA:22,8
DA:23,8
DA:27,4
DA:31,8
LF:12
LH:9
BRDA:14,0,0,0
BRDA:14,0,1,0
BRF:2
BRH:0
end_of_record
TN:
SF:/Users/mac/Documents/Projects/form2/src/DateTimePicker/index.js
FN:4,(anonymous_0)
FN:11,(anonymous_1)
FN:12,(anonymous_2)
FN:18,(anonymous_3)
FN:26,(anonymous_4)
FN:31,(anonymous_5)
FN:35,(anonymous_6)
FNF:7
FNH:4
FNDA:3,(anonymous_0)
FNDA:0,(anonymous_1)
FNDA:0,(anonymous_2)
FNDA:6,(anonymous_3)
FNDA:0,(anonymous_4)
FNDA:3,(anonymous_5)
FNDA:6,(anonymous_6)
DA:5,3
DA:6,3
DA:12,0
DA:13,0
DA:14,0
DA:19,6
DA:20,6
DA:21,6
DA:22,6
DA:23,6
DA:27,0
DA:32,3
DA:36,6
LF:13
LH:9
BRDA:7,0,0,3
BRDA:7,0,1,0
BRDA:14,1,0,0
BRDA:14,1,1,0
BRDA:32,2,0,3
BRDA:32,2,1,0
BRF:6
BRH:2
end_of_record
TN:
SF:/Users/mac/Documents/Projects/form2/src/Form/index.js
FN:4,(anonymous_0)
FN:11,(anonymous_1)
FN:12,(anonymous_2)
FN:12,(anonymous_3)
FN:16,(anonymous_4)
FN:21,(anonymous_5)
FN:23,(anonymous_6)
FN:29,(anonymous_7)
FNF:8
FNH:7
FNDA:14,(anonymous_0)
FNDA:16,(anonymous_1)
FNDA:16,(anonymous_2)
FNDA:16,(anonymous_3)
FNDA:0,(anonymous_4)
FNDA:28,(anonymous_5)
FNDA:34,(anonymous_6)
FNDA:28,(anonymous_7)
DA:5,14
DA:6,14
DA:12,16
DA:17,0
DA:18,0
DA:22,28
DA:23,34
DA:30,28
LF:8
LH:6
BRF:0
BRH:0
end_of_record
TN:
SF:/Users/mac/Documents/Projects/form2/src/PasswordField/index.js
FN:4,(anonymous_0)
FN:11,(anonymous_1)
FN:12,(anonymous_2)
FN:18,(anonymous_3)
FN:25,(anonymous_4)
FN:29,(anonymous_5)
FNF:6
FNH:4
FNDA:4,(anonymous_0)
FNDA:0,(anonymous_1)
FNDA:0,(anonymous_2)
FNDA:8,(anonymous_3)
FNDA:4,(anonymous_4)
FNDA:8,(anonymous_5)
DA:5,4
DA:6,4
DA:12,0
DA:13,0
DA:14,0
DA:19,8
DA:20,8
DA:21,8
DA:22,8
DA:26,4
DA:30,8
LF:11
LH:8
BRDA:7,0,0,4
BRDA:7,0,1,4
BRDA:14,1,0,0
BRDA:14,1,1,0
BRF:4
BRH:2
end_of_record
TN:
SF:/Users/mac/Documents/Projects/form2/src/TextField/index.js
FN:4,(anonymous_0)
FN:11,(anonymous_1)
FN:12,(anonymous_2)
FN:18,(anonymous_3)
FN:25,(anonymous_4)
FN:29,(anonymous_5)
FNF:6
FNH:4
FNDA:5,(anonymous_0)
FNDA:0,(anonymous_1)
FNDA:0,(anonymous_2)
FNDA:10,(anonymous_3)
FNDA:5,(anonymous_4)
FNDA:10,(anonymous_5)
DA:5,5
DA:6,5
DA:12,0
DA:13,0
DA:14,0
DA:19,10
DA:20,10
DA:21,10
DA:22,10
DA:26,5
DA:30,10
LF:11
LH:8
BRDA:7,0,0,5
BRDA:7,0,1,5
BRDA:14,1,0,0
BRDA:14,1,1,0
BRF:4
BRH:2
end_of_record
